== APP - server == 
== APP - server ==   .   ____          _            __ _ _
== APP - server ==  /\\ / ___'_ __ _ _(_)_ __  __ _ \ \ \ \
== APP - server == ( ( )\___ | '_ | '_| | '_ \/ _` | \ \ \ \
== APP - server ==  \\/  ___)| |_)| | | | | || (_| |  ) ) ) )
== APP - server ==   '  |____| .__|_| |_|_| |_\__, | / / / /
== APP - server ==  =========|_|==============|___/=/_/_/_/
== APP - server ==  :: Spring Boot ::                (v3.2.4)
== APP - server == 
== APP - server == 2024-03-25T19:49:22.833+01:00  INFO 3404 --- [demo] [           main] com.demo.DemoApplication                 : Starting DemoApplication v0.0.1-SNAPSHOT using Java 17.0.2 with PID 3404 (C:\Users\stroj\Desktop\SUU - project\server\build\libs\demo-0.0.1-SNAPSHOT.jar started by stroj in C:\Users\stroj\Desktop\SUU - project\server)
== APP - server == 2024-03-25T19:49:22.839+01:00  INFO 3404 --- [demo] [           main] com.demo.DemoApplication                 : No active profile set, falling back to 1 default profile: "default"
== APP - server == 2024-03-25T19:49:24.202+01:00  INFO 3404 --- [demo] [           main] o.s.b.w.embedded.tomcat.TomcatWebServer  : Tomcat initialized with port 8081 (http)
== APP - server == 2024-03-25T19:49:24.225+01:00  INFO 3404 --- [demo] [           main] o.apache.catalina.core.StandardService   : Starting service [Tomcat]
== APP - server == 2024-03-25T19:49:24.225+01:00  INFO 3404 --- [demo] [           main] o.apache.catalina.core.StandardEngine    : Starting Servlet engine: [Apache Tomcat/10.1.19]
== APP - server == 2024-03-25T19:49:24.298+01:00  INFO 3404 --- [demo] [           main] o.a.c.c.C.[Tomcat].[localhost].[/]       : Initializing Spring embedded WebApplicationContext
== APP - server == 2024-03-25T19:49:24.300+01:00  INFO 3404 --- [demo] [           main] w.s.c.ServletWebServerApplicationContext : Root WebApplicationContext: initialization completed in 1363 ms
== APP - server == 2024-03-25T19:49:24.763+01:00  INFO 3404 --- [demo] [           main] o.s.b.w.embedded.tomcat.TomcatWebServer  : Tomcat started on port 8081 (http) with context path ''
== APP - server == 2024-03-25T19:49:24.788+01:00  INFO 3404 --- [demo] [           main] com.demo.DemoApplication                 : Started DemoApplication in 2.661 seconds (process running for 3.159)
== APP - server == 2024-03-25T19:49:24.914+01:00  INFO 3404 --- [demo] [nio-8081-exec-1] o.a.c.c.C.[Tomcat].[localhost].[/]       : Initializing Spring DispatcherServlet 'dispatcherServlet'
== APP - server == 2024-03-25T19:49:24.914+01:00  INFO 3404 --- [demo] [nio-8081-exec-1] o.s.web.servlet.DispatcherServlet        : Initializing Servlet 'dispatcherServlet'
== APP - server == 2024-03-25T19:49:24.915+01:00  INFO 3404 --- [demo] [nio-8081-exec-1] o.s.web.servlet.DispatcherServlet        : Completed initialization in 1 ms

termination signal received: shutting down
