== APP - server == 
== APP - server ==   .   ____          _            __ _ _
== APP - server ==  /\\ / ___'_ __ _ _(_)_ __  __ _ \ \ \ \
== APP - server == ( ( )\___ | '_ | '_| | '_ \/ _` | \ \ \ \
== APP - server ==  \\/  ___)| |_)| | | | | || (_| |  ) ) ) )
== APP - server ==   '  |____| .__|_| |_|_| |_\__, | / / / /
== APP - server ==  =========|_|==============|___/=/_/_/_/
== APP - server ==  :: Spring Boot ::                (v3.2.4)
== APP - server == 
== APP - server == 2024-03-25T20:43:23.270+01:00  INFO 8328 --- [demo] [           main] com.demo.DemoApplication                 : Starting DemoApplication v0.0.1-SNAPSHOT using Java 17.0.2 with PID 8328 (C:\Users\stroj\Desktop\SUU - project\server\build\libs\demo-0.0.1-SNAPSHOT.jar started by stroj in C:\Users\stroj\Desktop\SUU - project\server)
== APP - server == 2024-03-25T20:43:23.286+01:00  INFO 8328 --- [demo] [           main] com.demo.DemoApplication                 : No active profile set, falling back to 1 default profile: "default"
== APP - server == 2024-03-25T20:43:25.016+01:00  INFO 8328 --- [demo] [           main] o.s.b.w.embedded.tomcat.TomcatWebServer  : Tomcat initialized with port 9001 (http)
== APP - server == 2024-03-25T20:43:25.037+01:00  INFO 8328 --- [demo] [           main] o.apache.catalina.core.StandardService   : Starting service [Tomcat]
== APP - server == 2024-03-25T20:43:25.039+01:00  INFO 8328 --- [demo] [           main] o.apache.catalina.core.StandardEngine    : Starting Servlet engine: [Apache Tomcat/10.1.19]
== APP - server == 2024-03-25T20:43:25.137+01:00  INFO 8328 --- [demo] [           main] o.a.c.c.C.[Tomcat].[localhost].[/]       : Initializing Spring embedded WebApplicationContext
== APP - server == 2024-03-25T20:43:25.140+01:00  INFO 8328 --- [demo] [           main] w.s.c.ServletWebServerApplicationContext : Root WebApplicationContext: initialization completed in 1708 ms
== APP - server == 2024-03-25T20:43:25.699+01:00  INFO 8328 --- [demo] [           main] o.s.b.w.embedded.tomcat.TomcatWebServer  : Tomcat started on port 9001 (http) with context path ''
== APP - server == 2024-03-25T20:43:25.734+01:00  INFO 8328 --- [demo] [           main] com.demo.DemoApplication                 : Started DemoApplication in 3.312 seconds (process running for 4.152)
== APP - server == 2024-03-25T20:43:25.790+01:00  INFO 8328 --- [demo] [nio-9001-exec-2] o.a.c.c.C.[Tomcat].[localhost].[/]       : Initializing Spring DispatcherServlet 'dispatcherServlet'
== APP - server == 2024-03-25T20:43:25.791+01:00  INFO 8328 --- [demo] [nio-9001-exec-2] o.s.web.servlet.DispatcherServlet        : Initializing Servlet 'dispatcherServlet'
== APP - server == 2024-03-25T20:43:25.792+01:00  INFO 8328 --- [demo] [nio-9001-exec-2] o.s.web.servlet.DispatcherServlet        : Completed initialization in 1 ms
== APP - server == -- healthcheck --

termination signal received: shutting down
