Starting Dapr with id server. HTTP Port: 60866. gRPC Port: 60867
Updating metadata for cliPID: 7300
time="2024-03-25T20:43:21.7521387+01:00" level=info msg="Starting Dapr Runtime -- version 1.13.0 -- commit 5980602c57e360a3354d409be516b8ffc4056fd1" app_id=server instance=DESKTOP-I7NIUE3 scope=dapr.runtime type=log ver=1.13.0
time="2024-03-25T20:43:21.7521387+01:00" level=info msg="Log level set to: info" app_id=server instance=DESKTOP-I7NIUE3 scope=dapr.runtime type=log ver=1.13.0
time="2024-03-25T20:43:21.7521387+01:00" level=warning msg="mTLS is disabled. Skipping certificate request and tls validation" app_id=server instance=DESKTOP-I7NIUE3 scope=dapr.runtime.security type=log ver=1.13.0
time="2024-03-25T20:43:21.7541238+01:00" level=warning msg="The default value for 'spec.metric.http.increasedCardinality' will change to 'false' in Dapr 1.14" app_id=server instance=DESKTOP-I7NIUE3 scope=dapr.runtime type=log ver=1.13.0
time="2024-03-25T20:43:21.7561233+01:00" level=info msg="standalone mode configured" app_id=server instance=DESKTOP-I7NIUE3 scope=dapr.runtime type=log ver=1.13.0
time="2024-03-25T20:43:21.7561233+01:00" level=info msg="app id: server" app_id=server instance=DESKTOP-I7NIUE3 scope=dapr.runtime type=log ver=1.13.0
time="2024-03-25T20:43:21.7561233+01:00" level=info msg="metrics server started on :60868/" app_id=server instance=DESKTOP-I7NIUE3 scope=dapr.runtime type=log ver=1.13.0
time="2024-03-25T20:43:21.7571244+01:00" level=info msg="Dapr trace sampler initialized: DaprTraceSampler(P=1.000000)" app_id=server instance=DESKTOP-I7NIUE3 scope=dapr.runtime type=log ver=1.13.0
time="2024-03-25T20:43:21.7974293+01:00" level=info msg="local service entry announced: server -> 192.168.156.253:60869" app_id=server component="nr (mdns/v1)" instance=DESKTOP-I7NIUE3 scope=dapr.contrib type=log ver=1.13.0
time="2024-03-25T20:43:21.7974293+01:00" level=info msg="Initialized name resolution to mdns" app_id=server instance=DESKTOP-I7NIUE3 scope=dapr.runtime type=log ver=1.13.0
time="2024-03-25T20:43:21.7974293+01:00" level=info msg="Loading components…" app_id=server instance=DESKTOP-I7NIUE3 scope=dapr.runtime type=log ver=1.13.0
time="2024-03-25T20:43:21.8245071+01:00" level=info msg="Component loaded: pubsub (pubsub.redis/v1)" app_id=server instance=DESKTOP-I7NIUE3 scope=dapr.runtime.processor type=log ver=1.13.0
time="2024-03-25T20:43:21.8249656+01:00" level=info msg="Waiting for all outstanding components to be processed…" app_id=server instance=DESKTOP-I7NIUE3 scope=dapr.runtime type=log ver=1.13.0
time="2024-03-25T20:43:21.8377552+01:00" level=info msg="Using 'statestore' as actor state store" app_id=server instance=DESKTOP-I7NIUE3 scope=dapr.runtime.processor.state type=log ver=1.13.0
time="2024-03-25T20:43:21.8386824+01:00" level=info msg="Component loaded: statestore (state.redis/v1)" app_id=server instance=DESKTOP-I7NIUE3 scope=dapr.runtime.processor type=log ver=1.13.0
time="2024-03-25T20:43:21.8386824+01:00" level=info msg="All outstanding components processed" app_id=server instance=DESKTOP-I7NIUE3 scope=dapr.runtime type=log ver=1.13.0
time="2024-03-25T20:43:21.8386824+01:00" level=info msg="Loading endpoints…" app_id=server instance=DESKTOP-I7NIUE3 scope=dapr.runtime type=log ver=1.13.0
time="2024-03-25T20:43:21.8392672+01:00" level=info msg="Waiting for all outstanding http endpoints to be processed…" app_id=server instance=DESKTOP-I7NIUE3 scope=dapr.runtime type=log ver=1.13.0
time="2024-03-25T20:43:21.8392672+01:00" level=info msg="All outstanding http endpoints processed" app_id=server instance=DESKTOP-I7NIUE3 scope=dapr.runtime type=log ver=1.13.0
time="2024-03-25T20:43:21.8403689+01:00" level=info msg="gRPC server listening on TCP address: :60867" app_id=server instance=DESKTOP-I7NIUE3 scope=dapr.runtime.grpc.api type=log ver=1.13.0
time="2024-03-25T20:43:21.8404359+01:00" level=info msg="Enabled gRPC tracing middleware" app_id=server instance=DESKTOP-I7NIUE3 scope=dapr.runtime.grpc.api type=log ver=1.13.0
time="2024-03-25T20:43:21.8404517+01:00" level=info msg="Enabled gRPC metrics middleware" app_id=server instance=DESKTOP-I7NIUE3 scope=dapr.runtime.grpc.api type=log ver=1.13.0
time="2024-03-25T20:43:21.8404753+01:00" level=info msg="Registering workflow engine for gRPC endpoint: [::]:60867" app_id=server instance=DESKTOP-I7NIUE3 scope=dapr.runtime.grpc.api type=log ver=1.13.0
time="2024-03-25T20:43:21.8404753+01:00" level=info msg="API gRPC server is running on port 60867" app_id=server instance=DESKTOP-I7NIUE3 scope=dapr.runtime type=log ver=1.13.0
time="2024-03-25T20:43:21.8404753+01:00" level=info msg="Enabled max body size HTTP middleware with size 4 MB" app_id=server instance=DESKTOP-I7NIUE3 scope=dapr.runtime.http type=log ver=1.13.0
time="2024-03-25T20:43:21.8404753+01:00" level=info msg="Enabled tracing HTTP middleware" app_id=server instance=DESKTOP-I7NIUE3 scope=dapr.runtime.http type=log ver=1.13.0
time="2024-03-25T20:43:21.8404753+01:00" level=info msg="Enabled metrics HTTP middleware" app_id=server instance=DESKTOP-I7NIUE3 scope=dapr.runtime.http type=log ver=1.13.0
time="2024-03-25T20:43:21.8410288+01:00" level=info msg="HTTP server listening on TCP address: :60866" app_id=server instance=DESKTOP-I7NIUE3 scope=dapr.runtime.http type=log ver=1.13.0
time="2024-03-25T20:43:21.8415757+01:00" level=info msg="HTTP server is running on port 60866" app_id=server instance=DESKTOP-I7NIUE3 scope=dapr.runtime type=log ver=1.13.0
time="2024-03-25T20:43:21.8415757+01:00" level=info msg="The request body size parameter is: 4" app_id=server instance=DESKTOP-I7NIUE3 scope=dapr.runtime type=log ver=1.13.0
time="2024-03-25T20:43:21.8415757+01:00" level=info msg="gRPC server listening on TCP address: :60869" app_id=server instance=DESKTOP-I7NIUE3 scope=dapr.runtime.grpc.internal type=log ver=1.13.0
time="2024-03-25T20:43:21.8415757+01:00" level=info msg="Enabled gRPC tracing middleware" app_id=server instance=DESKTOP-I7NIUE3 scope=dapr.runtime.grpc.internal type=log ver=1.13.0
time="2024-03-25T20:43:21.8415757+01:00" level=info msg="Enabled gRPC metrics middleware" app_id=server instance=DESKTOP-I7NIUE3 scope=dapr.runtime.grpc.internal type=log ver=1.13.0
time="2024-03-25T20:43:21.8420851+01:00" level=info msg="Internal gRPC server is running on port 60869" app_id=server instance=DESKTOP-I7NIUE3 scope=dapr.runtime type=log ver=1.13.0
time="2024-03-25T20:43:21.8426466+01:00" level=info msg="application protocol: http. waiting on port 9001.  This will block until the app is listening on that port." app_id=server instance=DESKTOP-I7NIUE3 scope=dapr.runtime type=log ver=1.13.0
Updating metadata for app command: java -jar build/libs/demo-0.0.1-SNAPSHOT.jar
Updating metadata for appPID: 8328
You're up and running! Dapr logs will appear here.

time="2024-03-25T20:43:25.6956401+01:00" level=info msg="application discovered on port 9001" app_id=server instance=DESKTOP-I7NIUE3 scope=dapr.runtime type=log ver=1.13.0
time="2024-03-25T20:43:25.930981+01:00" level=info msg="Application configuration loaded" app_id=server instance=DESKTOP-I7NIUE3 scope=dapr.runtime type=log ver=1.13.0
time="2024-03-25T20:43:25.930981+01:00" level=info msg="Configuring actors placement provider 'placement'. Configuration: 'placement:localhost:6050'" app_id=server instance=DESKTOP-I7NIUE3 scope=dapr.runtime.actor type=log ver=1.13.0
time="2024-03-25T20:43:25.930981+01:00" level=info msg="Configuring actor reminders provider 'default'. Configuration: ''" app_id=server instance=DESKTOP-I7NIUE3 scope=dapr.runtime.actor type=log ver=1.13.0
time="2024-03-25T20:43:25.930981+01:00" level=info msg="Actor runtime started. Actor idle timeout: 1h0m0s. Actor scan interval: 30s" app_id=server instance=DESKTOP-I7NIUE3 scope=dapr.runtime.actor type=log ver=1.13.0
time="2024-03-25T20:43:25.930981+01:00" level=info msg="Configuring workflow engine with actors backend" app_id=server instance=DESKTOP-I7NIUE3 scope=dapr.runtime type=log ver=1.13.0
time="2024-03-25T20:43:25.9315184+01:00" level=info msg="Registering component for dapr workflow engine..." app_id=server instance=DESKTOP-I7NIUE3 scope=dapr.runtime type=log ver=1.13.0
time="2024-03-25T20:43:25.9315184+01:00" level=info msg="Initializing Dapr workflow component" app_id=server component="dapr (workflow.dapr/v1)" instance=DESKTOP-I7NIUE3 scope=dapr.contrib type=log ver=1.13.0
time="2024-03-25T20:43:25.9316615+01:00" level=info msg="Workflow engine initialized." app_id=server instance=DESKTOP-I7NIUE3 scope=dapr.runtime type=log ver=1.13.0
time="2024-03-25T20:43:25.938821+01:00" level=info msg="dapr initialized. Status: Running. Init Elapsed 4182ms" app_id=server instance=DESKTOP-I7NIUE3 scope=dapr.runtime type=log ver=1.13.0
time="2024-03-25T20:43:25.9430676+01:00" level=info msg="Placement tables updated, version: 0" app_id=server instance=DESKTOP-I7NIUE3 scope=dapr.runtime.actors.placement type=log ver=1.13.0
time="2024-03-25T20:44:10.5069178+01:00" level=info msg="Received signal 'interrupt'; beginning shutdown" app_id=server instance=DESKTOP-I7NIUE3 scope=dapr.signals type=log ver=1.13.0

termination signal received: shutting down
time="2024-03-25T20:44:10.5118292+01:00" level=info msg="stopping mDNS server for app id: server" app_id=server component="nr (mdns/v1)" instance=DESKTOP-I7NIUE3 scope=dapr.contrib type=log ver=1.13.0
Exited Dapr successfully
Exited App successfully
