Starting Dapr with id server. HTTP Port: 58102. gRPC Port: 58103
Updating metadata for cliPID: 14164
time="2024-03-25T19:47:22.1969994+01:00" level=info msg="Starting Dapr Runtime -- version 1.13.0 -- commit 5980602c57e360a3354d409be516b8ffc4056fd1" app_id=server instance=DESKTOP-I7NIUE3 scope=dapr.runtime type=log ver=1.13.0
time="2024-03-25T19:47:22.1969994+01:00" level=info msg="Log level set to: info" app_id=server instance=DESKTOP-I7NIUE3 scope=dapr.runtime type=log ver=1.13.0
time="2024-03-25T19:47:22.1990097+01:00" level=warning msg="mTLS is disabled. Skipping certificate request and tls validation" app_id=server instance=DESKTOP-I7NIUE3 scope=dapr.runtime.security type=log ver=1.13.0
time="2024-03-25T19:47:22.2123193+01:00" level=warning msg="The default value for 'spec.metric.http.increasedCardinality' will change to 'false' in Dapr 1.14" app_id=server instance=DESKTOP-I7NIUE3 scope=dapr.runtime type=log ver=1.13.0
time="2024-03-25T19:47:22.2203211+01:00" level=info msg="standalone mode configured" app_id=server instance=DESKTOP-I7NIUE3 scope=dapr.runtime type=log ver=1.13.0
time="2024-03-25T19:47:22.2229794+01:00" level=info msg="app id: server" app_id=server instance=DESKTOP-I7NIUE3 scope=dapr.runtime type=log ver=1.13.0
time="2024-03-25T19:47:22.2219722+01:00" level=info msg="metrics server started on :58104/" app_id=server instance=DESKTOP-I7NIUE3 scope=dapr.runtime type=log ver=1.13.0
time="2024-03-25T19:47:22.2239799+01:00" level=info msg="Dapr trace sampler initialized: DaprTraceSampler(P=1.000000)" app_id=server instance=DESKTOP-I7NIUE3 scope=dapr.runtime type=log ver=1.13.0
time="2024-03-25T19:47:22.2379909+01:00" level=info msg="local service entry announced: server -> 10.129.12.30:58105" app_id=server component="nr (mdns/v1)" instance=DESKTOP-I7NIUE3 scope=dapr.contrib type=log ver=1.13.0
time="2024-03-25T19:47:22.2379909+01:00" level=info msg="Initialized name resolution to mdns" app_id=server instance=DESKTOP-I7NIUE3 scope=dapr.runtime type=log ver=1.13.0
time="2024-03-25T19:47:22.2389759+01:00" level=info msg="Loading components…" app_id=server instance=DESKTOP-I7NIUE3 scope=dapr.runtime type=log ver=1.13.0
time="2024-03-25T19:47:22.2742109+01:00" level=info msg="Component loaded: pubsub (pubsub.redis/v1)" app_id=server instance=DESKTOP-I7NIUE3 scope=dapr.runtime.processor type=log ver=1.13.0
time="2024-03-25T19:47:22.2742109+01:00" level=info msg="Waiting for all outstanding components to be processed…" app_id=server instance=DESKTOP-I7NIUE3 scope=dapr.runtime type=log ver=1.13.0
time="2024-03-25T19:47:22.2838407+01:00" level=info msg="Using 'statestore' as actor state store" app_id=server instance=DESKTOP-I7NIUE3 scope=dapr.runtime.processor.state type=log ver=1.13.0
time="2024-03-25T19:47:22.2843732+01:00" level=info msg="Component loaded: statestore (state.redis/v1)" app_id=server instance=DESKTOP-I7NIUE3 scope=dapr.runtime.processor type=log ver=1.13.0
time="2024-03-25T19:47:22.2843732+01:00" level=info msg="All outstanding components processed" app_id=server instance=DESKTOP-I7NIUE3 scope=dapr.runtime type=log ver=1.13.0
time="2024-03-25T19:47:22.2854461+01:00" level=info msg="Loading endpoints…" app_id=server instance=DESKTOP-I7NIUE3 scope=dapr.runtime type=log ver=1.13.0
time="2024-03-25T19:47:22.2859679+01:00" level=info msg="Waiting for all outstanding http endpoints to be processed…" app_id=server instance=DESKTOP-I7NIUE3 scope=dapr.runtime type=log ver=1.13.0
time="2024-03-25T19:47:22.2859679+01:00" level=info msg="All outstanding http endpoints processed" app_id=server instance=DESKTOP-I7NIUE3 scope=dapr.runtime type=log ver=1.13.0
time="2024-03-25T19:47:22.2875219+01:00" level=info msg="gRPC server listening on TCP address: :58103" app_id=server instance=DESKTOP-I7NIUE3 scope=dapr.runtime.grpc.api type=log ver=1.13.0
time="2024-03-25T19:47:22.2875297+01:00" level=info msg="Enabled gRPC tracing middleware" app_id=server instance=DESKTOP-I7NIUE3 scope=dapr.runtime.grpc.api type=log ver=1.13.0
time="2024-03-25T19:47:22.2875297+01:00" level=info msg="Enabled gRPC metrics middleware" app_id=server instance=DESKTOP-I7NIUE3 scope=dapr.runtime.grpc.api type=log ver=1.13.0
time="2024-03-25T19:47:22.2891368+01:00" level=info msg="Registering workflow engine for gRPC endpoint: [::]:58103" app_id=server instance=DESKTOP-I7NIUE3 scope=dapr.runtime.grpc.api type=log ver=1.13.0
time="2024-03-25T19:47:22.2896647+01:00" level=info msg="API gRPC server is running on port 58103" app_id=server instance=DESKTOP-I7NIUE3 scope=dapr.runtime type=log ver=1.13.0
time="2024-03-25T19:47:22.2912728+01:00" level=info msg="Enabled max body size HTTP middleware with size 4 MB" app_id=server instance=DESKTOP-I7NIUE3 scope=dapr.runtime.http type=log ver=1.13.0
time="2024-03-25T19:47:22.291801+01:00" level=info msg="Enabled tracing HTTP middleware" app_id=server instance=DESKTOP-I7NIUE3 scope=dapr.runtime.http type=log ver=1.13.0
time="2024-03-25T19:47:22.291801+01:00" level=info msg="Enabled metrics HTTP middleware" app_id=server instance=DESKTOP-I7NIUE3 scope=dapr.runtime.http type=log ver=1.13.0
time="2024-03-25T19:47:22.2928847+01:00" level=info msg="HTTP server listening on TCP address: :58102" app_id=server instance=DESKTOP-I7NIUE3 scope=dapr.runtime.http type=log ver=1.13.0
time="2024-03-25T19:47:22.2934085+01:00" level=info msg="HTTP server is running on port 58102" app_id=server instance=DESKTOP-I7NIUE3 scope=dapr.runtime type=log ver=1.13.0
time="2024-03-25T19:47:22.2934223+01:00" level=info msg="The request body size parameter is: 4" app_id=server instance=DESKTOP-I7NIUE3 scope=dapr.runtime type=log ver=1.13.0
time="2024-03-25T19:47:22.2934504+01:00" level=info msg="gRPC server listening on TCP address: :58105" app_id=server instance=DESKTOP-I7NIUE3 scope=dapr.runtime.grpc.internal type=log ver=1.13.0
time="2024-03-25T19:47:22.2934504+01:00" level=info msg="Enabled gRPC tracing middleware" app_id=server instance=DESKTOP-I7NIUE3 scope=dapr.runtime.grpc.internal type=log ver=1.13.0
time="2024-03-25T19:47:22.2934504+01:00" level=info msg="Enabled gRPC metrics middleware" app_id=server instance=DESKTOP-I7NIUE3 scope=dapr.runtime.grpc.internal type=log ver=1.13.0
time="2024-03-25T19:47:22.2934504+01:00" level=info msg="Internal gRPC server is running on port 58105" app_id=server instance=DESKTOP-I7NIUE3 scope=dapr.runtime type=log ver=1.13.0
time="2024-03-25T19:47:22.2940049+01:00" level=info msg="application protocol: http. waiting on port 8081.  This will block until the app is listening on that port." app_id=server instance=DESKTOP-I7NIUE3 scope=dapr.runtime type=log ver=1.13.0
Updating metadata for app command: java -jar build/libs/demo-0.0.1-SNAPSHOT.jar
Updating metadata for appPID: 10572
You're up and running! Dapr logs will appear here.


termination signal received: shutting down
Exited Dapr successfully
Exited App successfully
