Starting Dapr with id server. HTTP Port: 1964. gRPC Port: 1965
Updating metadata for cliPID: 18152
time="2024-03-25T20:44:12.5023216+01:00" level=info msg="Starting Dapr Runtime -- version 1.13.0 -- commit 5980602c57e360a3354d409be516b8ffc4056fd1" app_id=server instance=DESKTOP-I7NIUE3 scope=dapr.runtime type=log ver=1.13.0
time="2024-03-25T20:44:12.5023216+01:00" level=info msg="Log level set to: info" app_id=server instance=DESKTOP-I7NIUE3 scope=dapr.runtime type=log ver=1.13.0
time="2024-03-25T20:44:12.5023216+01:00" level=warning msg="mTLS is disabled. Skipping certificate request and tls validation" app_id=server instance=DESKTOP-I7NIUE3 scope=dapr.runtime.security type=log ver=1.13.0
time="2024-03-25T20:44:12.5045568+01:00" level=warning msg="The default value for 'spec.metric.http.increasedCardinality' will change to 'false' in Dapr 1.14" app_id=server instance=DESKTOP-I7NIUE3 scope=dapr.runtime type=log ver=1.13.0
time="2024-03-25T20:44:12.5068236+01:00" level=info msg="standalone mode configured" app_id=server instance=DESKTOP-I7NIUE3 scope=dapr.runtime type=log ver=1.13.0
time="2024-03-25T20:44:12.5068236+01:00" level=info msg="app id: server" app_id=server instance=DESKTOP-I7NIUE3 scope=dapr.runtime type=log ver=1.13.0
time="2024-03-25T20:44:12.50737+01:00" level=info msg="Dapr trace sampler initialized: DaprTraceSampler(P=1.000000)" app_id=server instance=DESKTOP-I7NIUE3 scope=dapr.runtime type=log ver=1.13.0
time="2024-03-25T20:44:12.5079065+01:00" level=info msg="metrics server started on :1966/" app_id=server instance=DESKTOP-I7NIUE3 scope=dapr.runtime type=log ver=1.13.0
time="2024-03-25T20:44:12.5479175+01:00" level=info msg="local service entry announced: server -> 192.168.156.253:1967" app_id=server component="nr (mdns/v1)" instance=DESKTOP-I7NIUE3 scope=dapr.contrib type=log ver=1.13.0
time="2024-03-25T20:44:12.5479175+01:00" level=info msg="Initialized name resolution to mdns" app_id=server instance=DESKTOP-I7NIUE3 scope=dapr.runtime type=log ver=1.13.0
time="2024-03-25T20:44:12.5479175+01:00" level=info msg="Loading components…" app_id=server instance=DESKTOP-I7NIUE3 scope=dapr.runtime type=log ver=1.13.0
time="2024-03-25T20:44:12.5689961+01:00" level=info msg="Component loaded: pubsub (pubsub.redis/v1)" app_id=server instance=DESKTOP-I7NIUE3 scope=dapr.runtime.processor type=log ver=1.13.0
time="2024-03-25T20:44:12.5711709+01:00" level=info msg="Waiting for all outstanding components to be processed…" app_id=server instance=DESKTOP-I7NIUE3 scope=dapr.runtime type=log ver=1.13.0
time="2024-03-25T20:44:12.578847+01:00" level=info msg="Using 'statestore' as actor state store" app_id=server instance=DESKTOP-I7NIUE3 scope=dapr.runtime.processor.state type=log ver=1.13.0
time="2024-03-25T20:44:12.5796817+01:00" level=info msg="Component loaded: statestore (state.redis/v1)" app_id=server instance=DESKTOP-I7NIUE3 scope=dapr.runtime.processor type=log ver=1.13.0
time="2024-03-25T20:44:12.5796817+01:00" level=info msg="All outstanding components processed" app_id=server instance=DESKTOP-I7NIUE3 scope=dapr.runtime type=log ver=1.13.0
time="2024-03-25T20:44:12.5796817+01:00" level=info msg="Loading endpoints…" app_id=server instance=DESKTOP-I7NIUE3 scope=dapr.runtime type=log ver=1.13.0
time="2024-03-25T20:44:12.5802222+01:00" level=info msg="Waiting for all outstanding http endpoints to be processed…" app_id=server instance=DESKTOP-I7NIUE3 scope=dapr.runtime type=log ver=1.13.0
time="2024-03-25T20:44:12.5802222+01:00" level=info msg="All outstanding http endpoints processed" app_id=server instance=DESKTOP-I7NIUE3 scope=dapr.runtime type=log ver=1.13.0
time="2024-03-25T20:44:12.5807573+01:00" level=info msg="gRPC server listening on TCP address: :1965" app_id=server instance=DESKTOP-I7NIUE3 scope=dapr.runtime.grpc.api type=log ver=1.13.0
time="2024-03-25T20:44:12.5807573+01:00" level=info msg="Enabled gRPC tracing middleware" app_id=server instance=DESKTOP-I7NIUE3 scope=dapr.runtime.grpc.api type=log ver=1.13.0
time="2024-03-25T20:44:12.5807573+01:00" level=info msg="Enabled gRPC metrics middleware" app_id=server instance=DESKTOP-I7NIUE3 scope=dapr.runtime.grpc.api type=log ver=1.13.0
time="2024-03-25T20:44:12.5807573+01:00" level=info msg="Registering workflow engine for gRPC endpoint: [::]:1965" app_id=server instance=DESKTOP-I7NIUE3 scope=dapr.runtime.grpc.api type=log ver=1.13.0
time="2024-03-25T20:44:12.5807573+01:00" level=info msg="API gRPC server is running on port 1965" app_id=server instance=DESKTOP-I7NIUE3 scope=dapr.runtime type=log ver=1.13.0
time="2024-03-25T20:44:12.5813182+01:00" level=info msg="Enabled max body size HTTP middleware with size 4 MB" app_id=server instance=DESKTOP-I7NIUE3 scope=dapr.runtime.http type=log ver=1.13.0
time="2024-03-25T20:44:12.5813182+01:00" level=info msg="Enabled tracing HTTP middleware" app_id=server instance=DESKTOP-I7NIUE3 scope=dapr.runtime.http type=log ver=1.13.0
time="2024-03-25T20:44:12.5813182+01:00" level=info msg="Enabled metrics HTTP middleware" app_id=server instance=DESKTOP-I7NIUE3 scope=dapr.runtime.http type=log ver=1.13.0
time="2024-03-25T20:44:12.5818564+01:00" level=info msg="HTTP server listening on TCP address: :1964" app_id=server instance=DESKTOP-I7NIUE3 scope=dapr.runtime.http type=log ver=1.13.0
time="2024-03-25T20:44:12.5818564+01:00" level=info msg="HTTP server is running on port 1964" app_id=server instance=DESKTOP-I7NIUE3 scope=dapr.runtime type=log ver=1.13.0
time="2024-03-25T20:44:12.5818564+01:00" level=info msg="The request body size parameter is: 4" app_id=server instance=DESKTOP-I7NIUE3 scope=dapr.runtime type=log ver=1.13.0
time="2024-03-25T20:44:12.5818564+01:00" level=info msg="gRPC server listening on TCP address: :1967" app_id=server instance=DESKTOP-I7NIUE3 scope=dapr.runtime.grpc.internal type=log ver=1.13.0
time="2024-03-25T20:44:12.5823627+01:00" level=info msg="Enabled gRPC tracing middleware" app_id=server instance=DESKTOP-I7NIUE3 scope=dapr.runtime.grpc.internal type=log ver=1.13.0
time="2024-03-25T20:44:12.5823865+01:00" level=info msg="Enabled gRPC metrics middleware" app_id=server instance=DESKTOP-I7NIUE3 scope=dapr.runtime.grpc.internal type=log ver=1.13.0
time="2024-03-25T20:44:12.5823865+01:00" level=info msg="Internal gRPC server is running on port 1967" app_id=server instance=DESKTOP-I7NIUE3 scope=dapr.runtime type=log ver=1.13.0
time="2024-03-25T20:44:12.5823865+01:00" level=info msg="application protocol: http. waiting on port 9002.  This will block until the app is listening on that port." app_id=server instance=DESKTOP-I7NIUE3 scope=dapr.runtime type=log ver=1.13.0
Updating metadata for app command: java -jar build/libs/demo-0.0.1-SNAPSHOT.jar
Updating metadata for appPID: 7360
You're up and running! Dapr logs will appear here.

time="2024-03-25T20:44:42.5292346+01:00" level=info msg="Received signal 'interrupt'; beginning shutdown" app_id=server instance=DESKTOP-I7NIUE3 scope=dapr.signals type=log ver=1.13.0
time="2024-03-25T20:44:42.5307259+01:00" level=info msg="Dapr is shutting down" app_id=server instance=DESKTOP-I7NIUE3 scope=dapr.runtime type=log ver=1.13.0
time="2024-03-25T20:44:42.5307259+01:00" level=info msg="stopping mDNS server for app id: server" app_id=server component="nr (mdns/v1)" instance=DESKTOP-I7NIUE3 scope=dapr.contrib type=log ver=1.13.0
time="2024-03-25T20:44:42.5307259+01:00" level=info msg="Closing HTTP server [::]:1964…" app_id=server instance=DESKTOP-I7NIUE3 scope=dapr.runtime.http type=log ver=1.13.0
time="2024-03-25T20:44:42.5332539+01:00" level=info msg="Shutting down component statestore (state.redis/v1)" app_id=server instance=DESKTOP-I7NIUE3 scope=dapr.runtime type=log ver=1.13.0
time="2024-03-25T20:44:42.5307259+01:00" level=info msg="Shutting down workflow engine" app_id=server instance=DESKTOP-I7NIUE3 scope=dapr.runtime type=log ver=1.13.0
time="2024-03-25T20:44:42.5332539+01:00" level=info msg="Shutting down component pubsub (pubsub.redis/v1)" app_id=server instance=DESKTOP-I7NIUE3 scope=dapr.runtime type=log ver=1.13.0

termination signal received: shutting down
Exited Dapr successfully
Exited App successfully
