== APP - server == 
== APP - server ==   .   ____          _            __ _ _
== APP - server ==  /\\ / ___'_ __ _ _(_)_ __  __ _ \ \ \ \
== APP - server == ( ( )\___ | '_ | '_| | '_ \/ _` | \ \ \ \
== APP - server ==  \\/  ___)| |_)| | | | | || (_| |  ) ) ) )
== APP - server ==   '  |____| .__|_| |_|_| |_\__, | / / / /
== APP - server ==  =========|_|==============|___/=/_/_/_/
== APP - server ==  :: Spring Boot ::                (v3.2.4)
== APP - server == 
== APP - server == 2024-03-25T20:44:13.879+01:00  INFO 7360 --- [demo] [           main] com.demo.DemoApplication                 : Starting DemoApplication v0.0.1-SNAPSHOT using Java 17.0.2 with PID 7360 (C:\Users\stroj\Desktop\SUU - project\server\build\libs\demo-0.0.1-SNAPSHOT.jar started by stroj in C:\Users\stroj\Desktop\SUU - project\server)
== APP - server == 2024-03-25T20:44:13.888+01:00  INFO 7360 --- [demo] [           main] com.demo.DemoApplication                 : No active profile set, falling back to 1 default profile: "default"
== APP - server == 2024-03-25T20:44:15.496+01:00  INFO 7360 --- [demo] [           main] o.s.b.w.embedded.tomcat.TomcatWebServer  : Tomcat initialized with port 9001 (http)
== APP - server == 2024-03-25T20:44:15.519+01:00  INFO 7360 --- [demo] [           main] o.apache.catalina.core.StandardService   : Starting service [Tomcat]
== APP - server == 2024-03-25T20:44:15.521+01:00  INFO 7360 --- [demo] [           main] o.apache.catalina.core.StandardEngine    : Starting Servlet engine: [Apache Tomcat/10.1.19]
== APP - server == 2024-03-25T20:44:15.617+01:00  INFO 7360 --- [demo] [           main] o.a.c.c.C.[Tomcat].[localhost].[/]       : Initializing Spring embedded WebApplicationContext
== APP - server == 2024-03-25T20:44:15.620+01:00  INFO 7360 --- [demo] [           main] w.s.c.ServletWebServerApplicationContext : Root WebApplicationContext: initialization completed in 1604 ms
== APP - server == 2024-03-25T20:44:16.199+01:00  INFO 7360 --- [demo] [           main] o.s.b.w.embedded.tomcat.TomcatWebServer  : Tomcat started on port 9001 (http) with context path ''
== APP - server == 2024-03-25T20:44:16.224+01:00  INFO 7360 --- [demo] [           main] com.demo.DemoApplication                 : Started DemoApplication in 3.16 seconds (process running for 3.887)
== APP - server == 2024-03-25T20:44:27.936+01:00  INFO 7360 --- [demo] [nio-9001-exec-4] o.a.c.c.C.[Tomcat].[localhost].[/]       : Initializing Spring DispatcherServlet 'dispatcherServlet'
== APP - server == 2024-03-25T20:44:27.937+01:00  INFO 7360 --- [demo] [nio-9001-exec-4] o.s.web.servlet.DispatcherServlet        : Initializing Servlet 'dispatcherServlet'
== APP - server == 2024-03-25T20:44:27.940+01:00  INFO 7360 --- [demo] [nio-9001-exec-4] o.s.web.servlet.DispatcherServlet        : Completed initialization in 2 ms
== APP - server == -- healthcheck --

termination signal received: shutting down
