Starting Dapr with id server. HTTP Port: 58215. gRPC Port: 58216
Updating metadata for cliPID: 4372
time="2024-03-25T19:49:21.7036026+01:00" level=info msg="Starting Dapr Runtime -- version 1.13.0 -- commit 5980602c57e360a3354d409be516b8ffc4056fd1" app_id=server instance=DESKTOP-I7NIUE3 scope=dapr.runtime type=log ver=1.13.0
time="2024-03-25T19:49:21.7036026+01:00" level=info msg="Log level set to: info" app_id=server instance=DESKTOP-I7NIUE3 scope=dapr.runtime type=log ver=1.13.0
time="2024-03-25T19:49:21.7036026+01:00" level=warning msg="mTLS is disabled. Skipping certificate request and tls validation" app_id=server instance=DESKTOP-I7NIUE3 scope=dapr.runtime.security type=log ver=1.13.0
time="2024-03-25T19:49:21.7056054+01:00" level=warning msg="The default value for 'spec.metric.http.increasedCardinality' will change to 'false' in Dapr 1.14" app_id=server instance=DESKTOP-I7NIUE3 scope=dapr.runtime type=log ver=1.13.0
time="2024-03-25T19:49:21.7056054+01:00" level=info msg="standalone mode configured" app_id=server instance=DESKTOP-I7NIUE3 scope=dapr.runtime type=log ver=1.13.0
time="2024-03-25T19:49:21.7056054+01:00" level=info msg="app id: server" app_id=server instance=DESKTOP-I7NIUE3 scope=dapr.runtime type=log ver=1.13.0
time="2024-03-25T19:49:21.7056054+01:00" level=info msg="metrics server started on :58217/" app_id=server instance=DESKTOP-I7NIUE3 scope=dapr.runtime type=log ver=1.13.0
time="2024-03-25T19:49:21.7066038+01:00" level=info msg="Dapr trace sampler initialized: DaprTraceSampler(P=1.000000)" app_id=server instance=DESKTOP-I7NIUE3 scope=dapr.runtime type=log ver=1.13.0
time="2024-03-25T19:49:21.7176015+01:00" level=info msg="local service entry announced: server -> 10.129.12.30:58218" app_id=server component="nr (mdns/v1)" instance=DESKTOP-I7NIUE3 scope=dapr.contrib type=log ver=1.13.0
time="2024-03-25T19:49:21.7176015+01:00" level=info msg="Initialized name resolution to mdns" app_id=server instance=DESKTOP-I7NIUE3 scope=dapr.runtime type=log ver=1.13.0
time="2024-03-25T19:49:21.7176015+01:00" level=info msg="Loading components…" app_id=server instance=DESKTOP-I7NIUE3 scope=dapr.runtime type=log ver=1.13.0
time="2024-03-25T19:49:21.7305168+01:00" level=info msg="Component loaded: pubsub (pubsub.redis/v1)" app_id=server instance=DESKTOP-I7NIUE3 scope=dapr.runtime.processor type=log ver=1.13.0
time="2024-03-25T19:49:21.7310515+01:00" level=info msg="Waiting for all outstanding components to be processed…" app_id=server instance=DESKTOP-I7NIUE3 scope=dapr.runtime type=log ver=1.13.0
time="2024-03-25T19:49:21.7372216+01:00" level=info msg="Using 'statestore' as actor state store" app_id=server instance=DESKTOP-I7NIUE3 scope=dapr.runtime.processor.state type=log ver=1.13.0
time="2024-03-25T19:49:21.7372992+01:00" level=info msg="Component loaded: statestore (state.redis/v1)" app_id=server instance=DESKTOP-I7NIUE3 scope=dapr.runtime.processor type=log ver=1.13.0
time="2024-03-25T19:49:21.7372992+01:00" level=info msg="All outstanding components processed" app_id=server instance=DESKTOP-I7NIUE3 scope=dapr.runtime type=log ver=1.13.0
time="2024-03-25T19:49:21.7372992+01:00" level=info msg="Loading endpoints…" app_id=server instance=DESKTOP-I7NIUE3 scope=dapr.runtime type=log ver=1.13.0
time="2024-03-25T19:49:21.7378611+01:00" level=info msg="Waiting for all outstanding http endpoints to be processed…" app_id=server instance=DESKTOP-I7NIUE3 scope=dapr.runtime type=log ver=1.13.0
time="2024-03-25T19:49:21.7378611+01:00" level=info msg="All outstanding http endpoints processed" app_id=server instance=DESKTOP-I7NIUE3 scope=dapr.runtime type=log ver=1.13.0
time="2024-03-25T19:49:21.7383929+01:00" level=info msg="gRPC server listening on TCP address: :58216" app_id=server instance=DESKTOP-I7NIUE3 scope=dapr.runtime.grpc.api type=log ver=1.13.0
time="2024-03-25T19:49:21.7383929+01:00" level=info msg="Enabled gRPC tracing middleware" app_id=server instance=DESKTOP-I7NIUE3 scope=dapr.runtime.grpc.api type=log ver=1.13.0
time="2024-03-25T19:49:21.7383929+01:00" level=info msg="Enabled gRPC metrics middleware" app_id=server instance=DESKTOP-I7NIUE3 scope=dapr.runtime.grpc.api type=log ver=1.13.0
time="2024-03-25T19:49:21.7383929+01:00" level=info msg="Registering workflow engine for gRPC endpoint: [::]:58216" app_id=server instance=DESKTOP-I7NIUE3 scope=dapr.runtime.grpc.api type=log ver=1.13.0
time="2024-03-25T19:49:21.7383929+01:00" level=info msg="API gRPC server is running on port 58216" app_id=server instance=DESKTOP-I7NIUE3 scope=dapr.runtime type=log ver=1.13.0
time="2024-03-25T19:49:21.7383929+01:00" level=info msg="Enabled max body size HTTP middleware with size 4 MB" app_id=server instance=DESKTOP-I7NIUE3 scope=dapr.runtime.http type=log ver=1.13.0
time="2024-03-25T19:49:21.7383929+01:00" level=info msg="Enabled tracing HTTP middleware" app_id=server instance=DESKTOP-I7NIUE3 scope=dapr.runtime.http type=log ver=1.13.0
time="2024-03-25T19:49:21.7389103+01:00" level=info msg="Enabled metrics HTTP middleware" app_id=server instance=DESKTOP-I7NIUE3 scope=dapr.runtime.http type=log ver=1.13.0
time="2024-03-25T19:49:21.7394372+01:00" level=info msg="HTTP server listening on TCP address: :58215" app_id=server instance=DESKTOP-I7NIUE3 scope=dapr.runtime.http type=log ver=1.13.0
time="2024-03-25T19:49:21.7394372+01:00" level=info msg="HTTP server is running on port 58215" app_id=server instance=DESKTOP-I7NIUE3 scope=dapr.runtime type=log ver=1.13.0
time="2024-03-25T19:49:21.7394372+01:00" level=info msg="The request body size parameter is: 4" app_id=server instance=DESKTOP-I7NIUE3 scope=dapr.runtime type=log ver=1.13.0
time="2024-03-25T19:49:21.7399601+01:00" level=info msg="gRPC server listening on TCP address: :58218" app_id=server instance=DESKTOP-I7NIUE3 scope=dapr.runtime.grpc.internal type=log ver=1.13.0
time="2024-03-25T19:49:21.7399601+01:00" level=info msg="Enabled gRPC tracing middleware" app_id=server instance=DESKTOP-I7NIUE3 scope=dapr.runtime.grpc.internal type=log ver=1.13.0
time="2024-03-25T19:49:21.7399601+01:00" level=info msg="Enabled gRPC metrics middleware" app_id=server instance=DESKTOP-I7NIUE3 scope=dapr.runtime.grpc.internal type=log ver=1.13.0
time="2024-03-25T19:49:21.7399601+01:00" level=info msg="Internal gRPC server is running on port 58218" app_id=server instance=DESKTOP-I7NIUE3 scope=dapr.runtime type=log ver=1.13.0
time="2024-03-25T19:49:21.7399601+01:00" level=info msg="application protocol: http. waiting on port 8081.  This will block until the app is listening on that port." app_id=server instance=DESKTOP-I7NIUE3 scope=dapr.runtime type=log ver=1.13.0
Updating metadata for app command: java -jar build/libs/demo-0.0.1-SNAPSHOT.jar
Updating metadata for appPID: 3404
You're up and running! Dapr logs will appear here.

time="2024-03-25T19:49:24.8272424+01:00" level=info msg="application discovered on port 8081" app_id=server instance=DESKTOP-I7NIUE3 scope=dapr.runtime type=log ver=1.13.0
time="2024-03-25T19:49:25.0368046+01:00" level=info msg="Application configuration loaded" app_id=server instance=DESKTOP-I7NIUE3 scope=dapr.runtime type=log ver=1.13.0
time="2024-03-25T19:49:25.0373254+01:00" level=info msg="Configuring actors placement provider 'placement'. Configuration: 'placement:localhost:6050'" app_id=server instance=DESKTOP-I7NIUE3 scope=dapr.runtime.actor type=log ver=1.13.0
time="2024-03-25T19:49:25.0373615+01:00" level=info msg="Configuring actor reminders provider 'default'. Configuration: ''" app_id=server instance=DESKTOP-I7NIUE3 scope=dapr.runtime.actor type=log ver=1.13.0
time="2024-03-25T19:49:25.0373615+01:00" level=info msg="Actor runtime started. Actor idle timeout: 1h0m0s. Actor scan interval: 30s" app_id=server instance=DESKTOP-I7NIUE3 scope=dapr.runtime.actor type=log ver=1.13.0
time="2024-03-25T19:49:25.0373615+01:00" level=info msg="Configuring workflow engine with actors backend" app_id=server instance=DESKTOP-I7NIUE3 scope=dapr.runtime type=log ver=1.13.0
time="2024-03-25T19:49:25.0373615+01:00" level=info msg="Registering component for dapr workflow engine..." app_id=server instance=DESKTOP-I7NIUE3 scope=dapr.runtime type=log ver=1.13.0
time="2024-03-25T19:49:25.0373615+01:00" level=info msg="Initializing Dapr workflow component" app_id=server component="dapr (workflow.dapr/v1)" instance=DESKTOP-I7NIUE3 scope=dapr.contrib type=log ver=1.13.0
time="2024-03-25T19:49:25.0373615+01:00" level=info msg="Workflow engine initialized." app_id=server instance=DESKTOP-I7NIUE3 scope=dapr.runtime type=log ver=1.13.0
time="2024-03-25T19:49:25.0425818+01:00" level=info msg="dapr initialized. Status: Running. Init Elapsed 3336ms" app_id=server instance=DESKTOP-I7NIUE3 scope=dapr.runtime type=log ver=1.13.0
time="2024-03-25T19:49:25.0518536+01:00" level=info msg="Placement tables updated, version: 0" app_id=server instance=DESKTOP-I7NIUE3 scope=dapr.runtime.actors.placement type=log ver=1.13.0
time="2024-03-25T19:50:47.5957746+01:00" level=info msg="Received signal 'interrupt'; beginning shutdown" app_id=server instance=DESKTOP-I7NIUE3 scope=dapr.signals type=log ver=1.13.0
time="2024-03-25T19:50:47.5977147+01:00" level=info msg="Closing HTTP server [::]:58215…" app_id=server instance=DESKTOP-I7NIUE3 scope=dapr.runtime.http type=log ver=1.13.0
time="2024-03-25T19:50:47.5977147+01:00" level=info msg="stopping mDNS server for app id: server" app_id=server component="nr (mdns/v1)" instance=DESKTOP-I7NIUE3 scope=dapr.contrib type=log ver=1.13.0

termination signal received: shutting down
time="2024-03-25T19:50:47.5971456+01:00" level=info msg="Dapr is shutting down" app_id=server instance=DESKTOP-I7NIUE3 scope=dapr.runtime type=log ver=1.13.0
time="2024-03-25T19:50:47.5976659+01:00" level=info msg="Shutting down workflow engine" app_id=server instance=DESKTOP-I7NIUE3 scope=dapr.runtime type=log ver=1.13.0
time="2024-03-25T19:50:47.5976659+01:00" level=info msg="Shutting down actor" app_id=server instance=DESKTOP-I7NIUE3 scope=dapr.runtime type=log ver=1.13.0
Exited Dapr successfully
Exited App successfully
