Starting Dapr with id server. HTTP Port: 58163. gRPC Port: 58164
Updating metadata for cliPID: 2112
time="2024-03-25T19:48:20.7038208+01:00" level=info msg="Starting Dapr Runtime -- version 1.13.0 -- commit 5980602c57e360a3354d409be516b8ffc4056fd1" app_id=server instance=DESKTOP-I7NIUE3 scope=dapr.runtime type=log ver=1.13.0
time="2024-03-25T19:48:20.7038208+01:00" level=info msg="Log level set to: info" app_id=server instance=DESKTOP-I7NIUE3 scope=dapr.runtime type=log ver=1.13.0
time="2024-03-25T19:48:20.7038208+01:00" level=warning msg="mTLS is disabled. Skipping certificate request and tls validation" app_id=server instance=DESKTOP-I7NIUE3 scope=dapr.runtime.security type=log ver=1.13.0
time="2024-03-25T19:48:20.7058246+01:00" level=warning msg="The default value for 'spec.metric.http.increasedCardinality' will change to 'false' in Dapr 1.14" app_id=server instance=DESKTOP-I7NIUE3 scope=dapr.runtime type=log ver=1.13.0
time="2024-03-25T19:48:20.707821+01:00" level=info msg="standalone mode configured" app_id=server instance=DESKTOP-I7NIUE3 scope=dapr.runtime type=log ver=1.13.0
time="2024-03-25T19:48:20.707821+01:00" level=info msg="app id: server" app_id=server instance=DESKTOP-I7NIUE3 scope=dapr.runtime type=log ver=1.13.0
time="2024-03-25T19:48:20.707821+01:00" level=info msg="metrics server started on :58165/" app_id=server instance=DESKTOP-I7NIUE3 scope=dapr.runtime type=log ver=1.13.0
time="2024-03-25T19:48:20.7088202+01:00" level=info msg="Dapr trace sampler initialized: DaprTraceSampler(P=1.000000)" app_id=server instance=DESKTOP-I7NIUE3 scope=dapr.runtime type=log ver=1.13.0
time="2024-03-25T19:48:20.7213422+01:00" level=info msg="local service entry announced: server -> 10.129.12.30:58166" app_id=server component="nr (mdns/v1)" instance=DESKTOP-I7NIUE3 scope=dapr.contrib type=log ver=1.13.0
time="2024-03-25T19:48:20.7213422+01:00" level=info msg="Initialized name resolution to mdns" app_id=server instance=DESKTOP-I7NIUE3 scope=dapr.runtime type=log ver=1.13.0
time="2024-03-25T19:48:20.7223438+01:00" level=info msg="Loading components…" app_id=server instance=DESKTOP-I7NIUE3 scope=dapr.runtime type=log ver=1.13.0
time="2024-03-25T19:48:20.7371658+01:00" level=info msg="Component loaded: pubsub (pubsub.redis/v1)" app_id=server instance=DESKTOP-I7NIUE3 scope=dapr.runtime.processor type=log ver=1.13.0
time="2024-03-25T19:48:20.7378439+01:00" level=info msg="Waiting for all outstanding components to be processed…" app_id=server instance=DESKTOP-I7NIUE3 scope=dapr.runtime type=log ver=1.13.0
time="2024-03-25T19:48:20.7461041+01:00" level=info msg="Using 'statestore' as actor state store" app_id=server instance=DESKTOP-I7NIUE3 scope=dapr.runtime.processor.state type=log ver=1.13.0
time="2024-03-25T19:48:20.7466216+01:00" level=info msg="Component loaded: statestore (state.redis/v1)" app_id=server instance=DESKTOP-I7NIUE3 scope=dapr.runtime.processor type=log ver=1.13.0
time="2024-03-25T19:48:20.7466216+01:00" level=info msg="All outstanding components processed" app_id=server instance=DESKTOP-I7NIUE3 scope=dapr.runtime type=log ver=1.13.0
time="2024-03-25T19:48:20.7466216+01:00" level=info msg="Loading endpoints…" app_id=server instance=DESKTOP-I7NIUE3 scope=dapr.runtime type=log ver=1.13.0
time="2024-03-25T19:48:20.7471679+01:00" level=info msg="Waiting for all outstanding http endpoints to be processed…" app_id=server instance=DESKTOP-I7NIUE3 scope=dapr.runtime type=log ver=1.13.0
time="2024-03-25T19:48:20.7471679+01:00" level=info msg="All outstanding http endpoints processed" app_id=server instance=DESKTOP-I7NIUE3 scope=dapr.runtime type=log ver=1.13.0
time="2024-03-25T19:48:20.7477097+01:00" level=info msg="gRPC server listening on TCP address: :58164" app_id=server instance=DESKTOP-I7NIUE3 scope=dapr.runtime.grpc.api type=log ver=1.13.0
time="2024-03-25T19:48:20.7477097+01:00" level=info msg="Enabled gRPC tracing middleware" app_id=server instance=DESKTOP-I7NIUE3 scope=dapr.runtime.grpc.api type=log ver=1.13.0
time="2024-03-25T19:48:20.7477097+01:00" level=info msg="Enabled gRPC metrics middleware" app_id=server instance=DESKTOP-I7NIUE3 scope=dapr.runtime.grpc.api type=log ver=1.13.0
time="2024-03-25T19:48:20.7477097+01:00" level=info msg="Registering workflow engine for gRPC endpoint: [::]:58164" app_id=server instance=DESKTOP-I7NIUE3 scope=dapr.runtime.grpc.api type=log ver=1.13.0
time="2024-03-25T19:48:20.7477097+01:00" level=info msg="API gRPC server is running on port 58164" app_id=server instance=DESKTOP-I7NIUE3 scope=dapr.runtime type=log ver=1.13.0
time="2024-03-25T19:48:20.7482341+01:00" level=info msg="Enabled max body size HTTP middleware with size 4 MB" app_id=server instance=DESKTOP-I7NIUE3 scope=dapr.runtime.http type=log ver=1.13.0
time="2024-03-25T19:48:20.7482341+01:00" level=info msg="Enabled tracing HTTP middleware" app_id=server instance=DESKTOP-I7NIUE3 scope=dapr.runtime.http type=log ver=1.13.0
time="2024-03-25T19:48:20.7482341+01:00" level=info msg="Enabled metrics HTTP middleware" app_id=server instance=DESKTOP-I7NIUE3 scope=dapr.runtime.http type=log ver=1.13.0
time="2024-03-25T19:48:20.7484741+01:00" level=info msg="HTTP server listening on TCP address: :58163" app_id=server instance=DESKTOP-I7NIUE3 scope=dapr.runtime.http type=log ver=1.13.0
time="2024-03-25T19:48:20.7490172+01:00" level=info msg="HTTP server is running on port 58163" app_id=server instance=DESKTOP-I7NIUE3 scope=dapr.runtime type=log ver=1.13.0
time="2024-03-25T19:48:20.7490172+01:00" level=info msg="The request body size parameter is: 4" app_id=server instance=DESKTOP-I7NIUE3 scope=dapr.runtime type=log ver=1.13.0
time="2024-03-25T19:48:20.7495803+01:00" level=info msg="gRPC server listening on TCP address: :58166" app_id=server instance=DESKTOP-I7NIUE3 scope=dapr.runtime.grpc.internal type=log ver=1.13.0
time="2024-03-25T19:48:20.7495803+01:00" level=info msg="Enabled gRPC tracing middleware" app_id=server instance=DESKTOP-I7NIUE3 scope=dapr.runtime.grpc.internal type=log ver=1.13.0
time="2024-03-25T19:48:20.7495803+01:00" level=info msg="Enabled gRPC metrics middleware" app_id=server instance=DESKTOP-I7NIUE3 scope=dapr.runtime.grpc.internal type=log ver=1.13.0
time="2024-03-25T19:48:20.7495803+01:00" level=info msg="Internal gRPC server is running on port 58166" app_id=server instance=DESKTOP-I7NIUE3 scope=dapr.runtime type=log ver=1.13.0
time="2024-03-25T19:48:20.7495803+01:00" level=info msg="application protocol: http. waiting on port 8081.  This will block until the app is listening on that port." app_id=server instance=DESKTOP-I7NIUE3 scope=dapr.runtime type=log ver=1.13.0
Updating metadata for app command: java -jar build/libs/demo-0.0.1-SNAPSHOT.jar
Updating metadata for appPID: 10800
You're up and running! Dapr logs will appear here.


termination signal received: shutting down
Exited Dapr successfully
Exited App successfully
